2021-06-03 15:37:44,100 INFO Starting log for Jaquez
2021-06-03 15:37:49,751 INFO Jaquez received message AT Riley +0.0015900135040283203 client_2 +34.06893-118.445127 1622759869.7482464
2021-06-03 15:37:49,751 INFO Jaquez received msg from another server
2021-06-03 15:37:49,751 INFO Adding and sending new client Riley and msg info
2021-06-03 15:37:49,752 INFO Jaquez connected and flooded msg AT Riley +0.0015900135040283203 client_2 +34.06893-118.445127 1622759869.7482464 to neighbour server Riley
2021-06-03 15:37:49,752 INFO Jaquez closed connection to Riley
2021-06-03 15:37:49,753 INFO Jaquez connected and flooded msg AT Riley +0.0015900135040283203 client_2 +34.06893-118.445127 1622759869.7482464 to neighbour server Bernard
2021-06-03 15:37:49,753 INFO Jaquez closed connection to Bernard
2021-06-03 15:37:49,753 INFO Close the client socket
2021-06-03 15:37:49,758 INFO Jaquez received message AT Riley +0.0015900135040283203 client_2 +34.06893-118.445127 1622759869.7482464
2021-06-03 15:37:49,758 INFO Jaquez received msg from another server
2021-06-03 15:37:49,758 INFO Already encountered and less recent, do nothing
2021-06-03 15:37:49,758 INFO Close the client socket
2021-06-03 15:37:49,845 INFO Jaquez received message WHATSAT client_2 10 5

2021-06-03 15:37:49,965 INFO Jaquez queried 3 locations from Google Place API
2021-06-03 15:37:49,967 INFO Jaquez sent AT Riley +0.0015900135040283203 client_2 +34.06893-118.445127 1622759869.7482464
{
    "html_attributions": [],
    "results": [
        {
            "geometry": {
                "location": {
                    "lat": 34.0690066064988,
                    "lng": -118.4451028360938
                },
                "viewport": {
                    "northeast": {
                        "lat": 34.0703540302915,
                        "lng": -118.4437560197085
                    },
                    "southwest": {
                        "lat": 34.0676560697085,
                        "lng": -118.4464539802915
                    }
                }
            },
            "icon": "https://maps.gstatic.com/mapfiles/place_api/icons/v1/png_71/geocode-71.png",
            "name": "Westwood Plaza",
            "place_id": "ChIJIVpFqYi8woARycmFdi2pQRY",
            "reference": "ChIJIVpFqYi8woARycmFdi2pQRY",
            "scope": "GOOGLE",
            "types": [
                "route"
            ],
            "vicinity": "Los Angeles"
        },
        {
            "business_status": "OPERATIONAL",
            "geometry": {
                "location": {
                    "lat": 34.068921,
                    "lng": -118.4451811
                },
                "viewport": {
                    "northeast": {
                        "lat": 34.0828575,
                        "lng": -118.42990995
                    },
                    "southwest": {
                        "lat": 34.0575047,
                        "lng": -118.46313815
                    }
                }
            },
            "icon": "https://maps.gstatic.com/mapfiles/place_api/icons/v1/png_71/school-71.png",
            "name": "University of California, Los Angeles",
            "photos": [
                {
                    "height": 3024,
                    "html_attributions": [
                        "<a href=\"https://maps.google.com/maps/contrib/109886582985269547008\">TIAN XIA</a>"
                    ],
                    "photo_reference": "ATtYBwIilbUx1g5kjF2lGvvT6M-UzHvvx8C4RkLdcnSGcW3wqWjHtIvYb9mb8NSm7R-B6nRCBqro2l5yl2njM_b0deitvcdqOD3lnow_hrG3Tcmz0v7rFpu1qWo8zoE-x5DyzCvpmlh6nZES4vv2_nIZAjGS_iLJsdFMo8K4dSaoyqoAc-LK",
                    "width": 4032
                }
            ],
            "place_id": "ChIJZQ9c8IW8woARN0gTXFiTqSU",
            "plus_code": {
                "compound_code": "3H93+HW Los Angeles, CA, USA",
                "global_code": "85633H93+HW"
            },
            "rating": 4.5,
            "reference": "ChIJZQ9c8IW8woARN0gTXFiTqSU",
            "scope": "GOOGLE",
            "types": [
                "university",
                "point_of_interest",
                "establishment"
            ],
            "user_ratings_total": 1920,
            "vicinity": "Los Angeles"
        },
        {
            "geometry": {
                "location": {
                    "lat": 34.0522342,
                    "lng": -118.2436849
                },
                "viewport": {
                    "northeast": {
                        "lat": 34.33730608759191,
                        "lng": -118.155289077463
                    },
                    "southwest": {
                        "lat": 33.70365193147634,
                        "lng": -118.6681759484859
                    }
                }
            },
            "icon": "https://maps.gstatic.com/mapfiles/place_api/icons/v1/png_71/geocode-71.png",
            "name": "Los Angeles",
            "photos": [
                {
                    "height": 427,
                    "html_attributions": [
                        "<a href=\"https://maps.google.com/maps/contrib/109318379905931372178\">Shoaib Kashmiri</a>"
                    ],
                    "photo_reference": "ATtYBwLJBIXQc1kn1D4aI37-x8MpbOEzFbsfe8BaypPKMM6p9uvo_qt9A1lhuvswvZ2Qhim2HWUAO5jAg4u95rN5oDOseQLYWGJdmAVX2CmZmogYAsvBRAm2zEwglwZPoQ85yvG3JfP_2t04kFTS-OMkMYIqxW7hgAt-zJnXfgMyHuzHfRKL",
                    "width": 640
                }
            ],
            "place_id": "ChIJE9on3F3HwoAR9AhGJW_fL-I",
            "reference": "ChIJE9on3F3HwoAR9AhGJW_fL-I",
            "scope": "GOOGLE",
            "types": [
                "locality",
                "political"
            ],
            "vicinity": "Los Angeles"
        }
    ],
    "status": "OK"
} to client
2021-06-03 15:37:49,967 INFO Close the client socket
2021-06-03 15:37:54,126 INFO Jaquez received message AT Riley +0.0013890266418457031 client_2 +34.06893-118.445127 1622759874.124207
2021-06-03 15:37:54,126 INFO Jaquez received msg from another server
2021-06-03 15:37:54,127 INFO Update and send client Riley exiting info
2021-06-03 15:37:54,127 INFO Jaquez connected and flooded msg AT Riley +0.0013890266418457031 client_2 +34.06893-118.445127 1622759874.124207 to neighbour server Riley
2021-06-03 15:37:54,128 INFO Jaquez closed connection to Riley
2021-06-03 15:37:54,128 INFO Flood error: Jaquez couldn't connect to Bernard
2021-06-03 15:37:54,128 INFO Close the client socket
2021-06-03 15:37:54,198 INFO Jaquez received message WHATSAT client_2 10 5

2021-06-03 15:37:54,280 INFO Jaquez queried 3 locations from Google Place API
2021-06-03 15:37:54,281 INFO Jaquez sent AT Riley +0.0013890266418457031 client_2 +34.06893-118.445127 1622759874.124207
{
    "html_attributions": [],
    "results": [
        {
            "geometry": {
                "location": {
                    "lat": 34.0690066064988,
                    "lng": -118.4451028360938
                },
                "viewport": {
                    "northeast": {
                        "lat": 34.0703540302915,
                        "lng": -118.4437560197085
                    },
                    "southwest": {
                        "lat": 34.0676560697085,
                        "lng": -118.4464539802915
                    }
                }
            },
            "icon": "https://maps.gstatic.com/mapfiles/place_api/icons/v1/png_71/geocode-71.png",
            "name": "Westwood Plaza",
            "place_id": "ChIJIVpFqYi8woARycmFdi2pQRY",
            "reference": "ChIJIVpFqYi8woARycmFdi2pQRY",
            "scope": "GOOGLE",
            "types": [
                "route"
            ],
            "vicinity": "Los Angeles"
        },
        {
            "business_status": "OPERATIONAL",
            "geometry": {
                "location": {
                    "lat": 34.068921,
                    "lng": -118.4451811
                },
                "viewport": {
                    "northeast": {
                        "lat": 34.0828575,
                        "lng": -118.42990995
                    },
                    "southwest": {
                        "lat": 34.0575047,
                        "lng": -118.46313815
                    }
                }
            },
            "icon": "https://maps.gstatic.com/mapfiles/place_api/icons/v1/png_71/school-71.png",
            "name": "University of California, Los Angeles",
            "photos": [
                {
                    "height": 3024,
                    "html_attributions": [
                        "<a href=\"https://maps.google.com/maps/contrib/109886582985269547008\">TIAN XIA</a>"
                    ],
                    "photo_reference": "ATtYBwJ0X1xwPsF2cPfQHfpmN6Q2iKLrZPvkXTewZBcNtRaiNaziaDPNFelGdrhqXI5lPYs-qpCTgjqhQVAIW7RYdHUR1tHf-ydr4JzGlP-QwTiQjkGXMcqzaICY_jLjmz4NrKpPvH6Wr4v3piVf7SCRb2EqpyQz9IHW5hreZA_I4abEHPKn",
                    "width": 4032
                }
            ],
            "place_id": "ChIJZQ9c8IW8woARN0gTXFiTqSU",
            "plus_code": {
                "compound_code": "3H93+HW Los Angeles, CA, USA",
                "global_code": "85633H93+HW"
            },
            "rating": 4.5,
            "reference": "ChIJZQ9c8IW8woARN0gTXFiTqSU",
            "scope": "GOOGLE",
            "types": [
                "university",
                "point_of_interest",
                "establishment"
            ],
            "user_ratings_total": 1920,
            "vicinity": "Los Angeles"
        },
        {
            "geometry": {
                "location": {
                    "lat": 34.0522342,
                    "lng": -118.2436849
                },
                "viewport": {
                    "northeast": {
                        "lat": 34.33730608759191,
                        "lng": -118.155289077463
                    },
                    "southwest": {
                        "lat": 33.70365193147634,
                        "lng": -118.6681759484859
                    }
                }
            },
            "icon": "https://maps.gstatic.com/mapfiles/place_api/icons/v1/png_71/geocode-71.png",
            "name": "Los Angeles",
            "photos": [
                {
                    "height": 427,
                    "html_attributions": [
                        "<a href=\"https://maps.google.com/maps/contrib/109318379905931372178\">Shoaib Kashmiri</a>"
                    ],
                    "photo_reference": "ATtYBwJ0aNY7nLUACUTf-6TJqKWU9hsjsNiN9zoSIxHlI4WMvH_AG7LKMWK_2w_zAUvLRwgFqzlYUwx9Fmr51ZconyMxsWbW1smPCrbydJHvQD2re_NqEwb6pJIaRRNqxvskIG8Dv3yhwO1ozB5L-8-EqgqNYOGiFonmHJp2Ko6CPQ97DUWt",
                    "width": 640
                }
            ],
            "place_id": "ChIJE9on3F3HwoAR9AhGJW_fL-I",
            "reference": "ChIJE9on3F3HwoAR9AhGJW_fL-I",
            "scope": "GOOGLE",
            "types": [
                "locality",
                "political"
            ],
            "vicinity": "Los Angeles"
        }
    ],
    "status": "OK"
} to client
2021-06-03 15:37:54,281 INFO Close the client socket
2021-06-03 15:38:02,388 INFO Jaquez received message AT Riley +0.0015175342559814453 client_3 +34.06893-118.445127 1622759882.3852417
2021-06-03 15:38:02,388 INFO Jaquez received msg from another server
2021-06-03 15:38:02,388 INFO Adding and sending new client Riley and msg info
2021-06-03 15:38:02,389 INFO Jaquez connected and flooded msg AT Riley +0.0015175342559814453 client_3 +34.06893-118.445127 1622759882.3852417 to neighbour server Riley
2021-06-03 15:38:02,389 INFO Jaquez closed connection to Riley
2021-06-03 15:38:02,390 INFO Flood error: Jaquez couldn't connect to Bernard
2021-06-03 15:38:02,390 INFO Close the client socket
2021-06-03 15:38:02,491 INFO Jaquez received message WHATSAT client_3 10 5

2021-06-03 15:38:02,578 INFO Jaquez queried 3 locations from Google Place API
2021-06-03 15:38:02,579 INFO Jaquez sent AT Riley +0.0015175342559814453 client_3 +34.06893-118.445127 1622759882.3852417
{
    "html_attributions": [],
    "results": [
        {
            "geometry": {
                "location": {
                    "lat": 34.0690066064988,
                    "lng": -118.4451028360938
                },
                "viewport": {
                    "northeast": {
                        "lat": 34.0703540302915,
                        "lng": -118.4437560197085
                    },
                    "southwest": {
                        "lat": 34.0676560697085,
                        "lng": -118.4464539802915
                    }
                }
            },
            "icon": "https://maps.gstatic.com/mapfiles/place_api/icons/v1/png_71/geocode-71.png",
            "name": "Westwood Plaza",
            "place_id": "ChIJIVpFqYi8woARycmFdi2pQRY",
            "reference": "ChIJIVpFqYi8woARycmFdi2pQRY",
            "scope": "GOOGLE",
            "types": [
                "route"
            ],
            "vicinity": "Los Angeles"
        },
        {
            "business_status": "OPERATIONAL",
            "geometry": {
                "location": {
                    "lat": 34.068921,
                    "lng": -118.4451811
                },
                "viewport": {
                    "northeast": {
                        "lat": 34.0828575,
                        "lng": -118.42990995
                    },
                    "southwest": {
                        "lat": 34.0575047,
                        "lng": -118.46313815
                    }
                }
            },
            "icon": "https://maps.gstatic.com/mapfiles/place_api/icons/v1/png_71/school-71.png",
            "name": "University of California, Los Angeles",
            "photos": [
                {
                    "height": 3024,
                    "html_attributions": [
                        "<a href=\"https://maps.google.com/maps/contrib/109886582985269547008\">TIAN XIA</a>"
                    ],
                    "photo_reference": "ATtYBwLZXH0q3dhyVJYxvaBUb3BfOhlKwym-4X3FIAxzcTH9a4QHdBy6z4BK88koK2DwOe-h0Sx-ckQg1d9vY7PeS2vr70eifBBlDaLOYxVN8ET2FnAxgOwp1cQwGSKfGTXIOMGTgEzbs_2np_DahiJCqnMTNIh8N-c1lE5MXmj_qny7xIHW",
                    "width": 4032
                }
            ],
            "place_id": "ChIJZQ9c8IW8woARN0gTXFiTqSU",
            "plus_code": {
                "compound_code": "3H93+HW Los Angeles, CA, USA",
                "global_code": "85633H93+HW"
            },
            "rating": 4.5,
            "reference": "ChIJZQ9c8IW8woARN0gTXFiTqSU",
            "scope": "GOOGLE",
            "types": [
                "university",
                "point_of_interest",
                "establishment"
            ],
            "user_ratings_total": 1920,
            "vicinity": "Los Angeles"
        },
        {
            "geometry": {
                "location": {
                    "lat": 34.0522342,
                    "lng": -118.2436849
                },
                "viewport": {
                    "northeast": {
                        "lat": 34.33730608759191,
                        "lng": -118.155289077463
                    },
                    "southwest": {
                        "lat": 33.70365193147634,
                        "lng": -118.6681759484859
                    }
                }
            },
            "icon": "https://maps.gstatic.com/mapfiles/place_api/icons/v1/png_71/geocode-71.png",
            "name": "Los Angeles",
            "photos": [
                {
                    "height": 427,
                    "html_attributions": [
                        "<a href=\"https://maps.google.com/maps/contrib/109318379905931372178\">Shoaib Kashmiri</a>"
                    ],
                    "photo_reference": "ATtYBwJEujz4H75T8cN1EZiZAlFznpQRH9WDMwbj3v96YJryX__HhB6YF-O9fI4M878r88FowliQyrtqd2CZFi8cBjq3FQoX1OwmXW3z6bS56g8ev_EgkD_57VXUwG312klg3GZ7_VGGD3R64hOu-tN9E-P1ksryfQho95zhVTEUyUgn2jro",
                    "width": 640
                }
            ],
            "place_id": "ChIJE9on3F3HwoAR9AhGJW_fL-I",
            "reference": "ChIJE9on3F3HwoAR9AhGJW_fL-I",
            "scope": "GOOGLE",
            "types": [
                "locality",
                "political"
            ],
            "vicinity": "Los Angeles"
        }
    ],
    "status": "OK"
} to client
2021-06-03 15:38:02,579 INFO Close the client socket
