2021-06-04 05:23:35,427 INFO Starting log for Juzang
2021-06-04 05:23:38,829 INFO Juzang received message AT Riley +0.0014913082122802734 client_3 +34.06893-118.445127 1622809418.8247426
2021-06-04 05:23:38,829 INFO Juzang received msg from another server
2021-06-04 05:23:38,829 INFO Adding and sending new client Riley and msg info
2021-06-04 05:23:38,830 INFO Flood error: Juzang couldn't connect to Campbell
2021-06-04 05:23:38,830 INFO Juzang connected and flooded msg AT Riley +0.0014913082122802734 client_3 +34.06893-118.445127 1622809418.8247426 to neighbour server Riley
2021-06-04 05:23:38,830 INFO Juzang closed connection to Riley
2021-06-04 05:23:38,830 INFO Flood error: Juzang couldn't connect to Bernard
2021-06-04 05:23:38,830 INFO Close the client socket
2021-06-04 05:23:39,055 INFO Juzang received message WHATSAT client_3 10 5

2021-06-04 05:23:39,338 INFO Juzang queried 3 locations from Google Place API
2021-06-04 05:23:39,338 INFO Juzang sent AT Riley +0.0014913082122802734 client_3 +34.06893-118.445127 1622809418.8247426
{
    "html_attributions": [],
    "results": [
        {
            "geometry": {
                "location": {
                    "lat": 34.0690066064988,
                    "lng": -118.4451028360938
                },
                "viewport": {
                    "northeast": {
                        "lat": 34.0703540302915,
                        "lng": -118.4437560197085
                    },
                    "southwest": {
                        "lat": 34.0676560697085,
                        "lng": -118.4464539802915
                    }
                }
            },
            "icon": "https://maps.gstatic.com/mapfiles/place_api/icons/v1/png_71/geocode-71.png",
            "name": "Westwood Plaza",
            "place_id": "ChIJIVpFqYi8woARycmFdi2pQRY",
            "reference": "ChIJIVpFqYi8woARycmFdi2pQRY",
            "scope": "GOOGLE",
            "types": [
                "route"
            ],
            "vicinity": "Los Angeles"
        },
        {
            "business_status": "OPERATIONAL",
            "geometry": {
                "location": {
                    "lat": 34.068921,
                    "lng": -118.4451811
                },
                "viewport": {
                    "northeast": {
                        "lat": 34.0828575,
                        "lng": -118.42990995
                    },
                    "southwest": {
                        "lat": 34.0575047,
                        "lng": -118.46313815
                    }
                }
            },
            "icon": "https://maps.gstatic.com/mapfiles/place_api/icons/v1/png_71/school-71.png",
            "name": "University of California, Los Angeles",
            "photos": [
                {
                    "height": 3024,
                    "html_attributions": [
                        "<a href=\"https://maps.google.com/maps/contrib/109886582985269547008\">TIAN XIA</a>"
                    ],
                    "photo_reference": "ATtYBwKYD4AtQVCqaJ4gG0ERmdkbEfy6QRnGp0pgSO11eZrXMzACIhF6C4rdBQ9aynzecOcV-fPp2LTQmjl7XYsv_PfigY7vcmVEpjHcJOGJt4C_1MY0AQg7-gdAmrId_dwdn9CEAZpk82n9o6mdIeuFn7QsUBNBgEcPPINoSLm6eoxtXgEz",
                    "width": 4032
                }
            ],
            "place_id": "ChIJZQ9c8IW8woARN0gTXFiTqSU",
            "plus_code": {
                "compound_code": "3H93+HW Los Angeles, CA, USA",
                "global_code": "85633H93+HW"
            },
            "rating": 4.5,
            "reference": "ChIJZQ9c8IW8woARN0gTXFiTqSU",
            "scope": "GOOGLE",
            "types": [
                "university",
                "point_of_interest",
                "establishment"
            ],
            "user_ratings_total": 1920,
            "vicinity": "Los Angeles"
        },
        {
            "geometry": {
                "location": {
                    "lat": 34.0522342,
                    "lng": -118.2436849
                },
                "viewport": {
                    "northeast": {
                        "lat": 34.33730608759191,
                        "lng": -118.155289077463
                    },
                    "southwest": {
                        "lat": 33.70365193147634,
                        "lng": -118.6681759484859
                    }
                }
            },
            "icon": "https://maps.gstatic.com/mapfiles/place_api/icons/v1/png_71/geocode-71.png",
            "name": "Los Angeles",
            "photos": [
                {
                    "height": 427,
                    "html_attributions": [
                        "<a href=\"https://maps.google.com/maps/contrib/109318379905931372178\">Shoaib Kashmiri</a>"
                    ],
                    "photo_reference": "ATtYBwJT-QlTj0DMmwxxSpxZLaD3DDBiiQRaVb5zsTYoBB5P5PRiBWlhZe0MaA7LTst_VqC4m4_Pml99u_X-M_hzkHMqr8PyIAUABLTSDu1bhu5w0WmAGqh0F00w2-cTz6kbq9INVQZ58jiCRD5VaFOz7leJ6gZJy7TBOFzlLwD2DE83dMkN",
                    "width": 640
                }
            ],
            "place_id": "ChIJE9on3F3HwoAR9AhGJW_fL-I",
            "reference": "ChIJE9on3F3HwoAR9AhGJW_fL-I",
            "scope": "GOOGLE",
            "types": [
                "locality",
                "political"
            ],
            "vicinity": "Los Angeles"
        }
    ],
    "status": "OK"
} to client
2021-06-04 05:23:39,339 INFO Close the client socket
